# JRE version: Java(TM) SE Runtime Environment (15.0.2+7) (build 15.0.2+7-27)
# Java VM: Java HotSpot(TM) 64-Bit Server VM (15.0.2+7-27, mixed mode, sharing, tiered, compressed oops, parallel gc, linux-amd64)
GC Precious Log:
 CPUs: 4 total, 4 available
 Memory: 7849M
 Large Page Support: Disabled
 NUMA Support: Disabled
 Compressed Oops: Enabled (32-bit)
 Heap Min Capacity: 100M
 Heap Initial Capacity: 100M
 Heap Max Capacity: 1G
 Pre-touch: Disabled
 Parallel Workers: 4
Heap:
 PSYoungGen      total 32768K, used 32416K [0x00000000eab00000, 0x00000000ed980000, 0x0000000100000000)
  eden space 19456K, 100% used [0x00000000eab00000,0x00000000ebe00000,0x00000000ebe00000)
  from space 13312K, 97% used [0x00000000ecc80000,0x00000000ed928000,0x00000000ed980000)
  to   space 13824K, 54% used [0x00000000ebe80000,0x00000000ec5e8020,0x00000000ecc00000)
 ParOldGen       total 82944K, used 77155K [0x00000000c0000000, 0x00000000c5100000, 0x00000000eab00000)
  object space 82944K, 93% used [0x00000000c0000000,0x00000000c4b58c38,0x00000000c5100000)
 Metaspace       used 55255K, capacity 57834K, committed 58356K, reserved 1101824K
  class space    used 5837K, capacity 6666K, committed 6784K, reserved 1048576K
GC Heap History (20 events):
Event: 16.285 GC heap after
{Heap after GC invocations=13 (full 2):
 PSYoungGen      total 24576K, used 2016K [0x00000000eab00000, 0x00000000ec800000, 0x0000000100000000)
  eden space 22528K, 0% used [0x00000000eab00000,0x00000000eab00000,0x00000000ec100000)
  from space 2048K, 98% used [0x00000000ec300000,0x00000000ec4f8000,0x00000000ec500000)
  to   space 3072K, 0% used [0x00000000ec500000,0x00000000ec500000,0x00000000ec800000)
 ParOldGen       total 68608K, used 23107K [0x00000000c0000000, 0x00000000c4300000, 0x00000000eab00000)
  object space 68608K, 33% used [0x00000000c0000000,0x00000000c1690f50,0x00000000c4300000)
 Metaspace       used 39570K, capacity 41812K, committed 42356K, reserved 1087488K
  class space    used 4224K, capacity 5001K, committed 5120K, reserved 1048576K
}
Event: 16.410 GC heap before
{Heap before GC invocations=14 (full 2):
 PSYoungGen      total 24576K, used 24544K [0x00000000eab00000, 0x00000000ec800000, 0x0000000100000000)
  eden space 22528K, 100% used [0x00000000eab00000,0x00000000ec100000,0x00000000ec100000)
  from space 2048K, 98% used [0x00000000ec300000,0x00000000ec4f8000,0x00000000ec500000)
  to   space 3072K, 0% used [0x00000000ec500000,0x00000000ec500000,0x00000000ec800000)
 ParOldGen       total 68608K, used 23107K [0x00000000c0000000, 0x00000000c4300000, 0x00000000eab00000)
  object space 68608K, 33% used [0x00000000c0000000,0x00000000c1690f50,0x00000000c4300000)
 Metaspace       used 39783K, capacity 41911K, committed 42356K, reserved 1087488K
  class space    used 4251K, capacity 5034K, committed 5120K, reserved 1048576K
}
Event: 16.427 GC heap after
{Heap after GC invocations=14 (full 2):
 PSYoungGen      total 24576K, used 2240K [0x00000000eab00000, 0x00000000ec780000, 0x0000000100000000)
  eden space 22016K, 0% used [0x00000000eab00000,0x00000000eab00000,0x00000000ec080000)
  from space 2560K, 87% used [0x00000000ec500000,0x00000000ec730010,0x00000000ec780000)
  to   space 2560K, 0% used [0x00000000ec280000,0x00000000ec280000,0x00000000ec500000)
 ParOldGen       total 68608K, used 25059K [0x00000000c0000000, 0x00000000c4300000, 0x00000000eab00000)
  object space 68608K, 36% used [0x00000000c0000000,0x00000000c1878f50,0x00000000c4300000)
 Metaspace       used 39783K, capacity 41911K, committed 42356K, reserved 1087488K
  class space    used 4251K, capacity 5034K, committed 5120K, reserved 1048576K
}
Event: 16.632 GC heap before
{Heap before GC invocations=15 (full 2):
 PSYoungGen      total 24576K, used 24256K [0x00000000eab00000, 0x00000000ec780000, 0x0000000100000000)
  eden space 22016K, 100% used [0x00000000eab00000,0x00000000ec080000,0x00000000ec080000)
  from space 2560K, 87% used [0x00000000ec500000,0x00000000ec730010,0x00000000ec780000)
  to   space 2560K, 0% used [0x00000000ec280000,0x00000000ec280000,0x00000000ec500000)
 ParOldGen       total 68608K, used 25059K [0x00000000c0000000, 0x00000000c4300000, 0x00000000eab00000)
  object space 68608K, 36% used [0x00000000c0000000,0x00000000c1878f50,0x00000000c4300000)
 Metaspace       used 39788K, capacity 41911K, committed 42356K, reserved 1087488K
  class space    used 4251K, capacity 5034K, committed 5120K, reserved 1048576K
}
Event: 16.647 GC heap after
{Heap after GC invocations=15 (full 2):
 PSYoungGen      total 24064K, used 1760K [0x00000000eab00000, 0x00000000ec580000, 0x0000000100000000)
  eden space 22016K, 0% used [0x00000000eab00000,0x00000000eab00000,0x00000000ec080000)
  from space 2048K, 85% used [0x00000000ec280000,0x00000000ec438000,0x00000000ec480000)
  to   space 1024K, 0% used [0x00000000ec480000,0x00000000ec480000,0x00000000ec580000)
 ParOldGen       total 68608K, used 27241K [0x00000000c0000000, 0x00000000c4300000, 0x00000000eab00000)
  object space 68608K, 39% used [0x00000000c0000000,0x00000000c1a9a7e0,0x00000000c4300000)
 Metaspace       used 39788K, capacity 41911K, committed 42356K, reserved 1087488K
  class space    used 4251K, capacity 5034K, committed 5120K, reserved 1048576K
}
Event: 18.036 GC heap before
{Heap before GC invocations=16 (full 2):
 PSYoungGen      total 24064K, used 23776K [0x00000000eab00000, 0x00000000ec580000, 0x0000000100000000)
  eden space 22016K, 100% used [0x00000000eab00000,0x00000000ec080000,0x00000000ec080000)
  from space 2048K, 85% used [0x00000000ec280000,0x00000000ec438000,0x00000000ec480000)
  to   space 1024K, 0% used [0x00000000ec480000,0x00000000ec480000,0x00000000ec580000)
 ParOldGen       total 68608K, used 27241K [0x00000000c0000000, 0x00000000c4300000, 0x00000000eab00000)
  object space 68608K, 39% used [0x00000000c0000000,0x00000000c1a9a7e0,0x00000000c4300000)
 Metaspace       used 44056K, capacity 46374K, committed 46836K, reserved 1091584K
  class space    used 4654K, capacity 5474K, committed 5504K, reserved 1048576K
}
Event: 18.074 GC heap after
{Heap after GC invocations=16 (full 2):
 PSYoungGen      total 22528K, used 997K [0x00000000eab00000, 0x00000000ec980000, 0x0000000100000000)
  eden space 21504K, 0% used [0x00000000eab00000,0x00000000eab00000,0x00000000ec000000)
  from space 1024K, 97% used [0x00000000ec480000,0x00000000ec579520,0x00000000ec580000)
  to   space 4608K, 0% used [0x00000000ec000000,0x00000000ec000000,0x00000000ec480000)
 ParOldGen       total 68608K, used 30033K [0x00000000c0000000, 0x00000000c4300000, 0x00000000eab00000)
  object space 68608K, 43% used [0x00000000c0000000,0x00000000c1d54690,0x00000000c4300000)
 Metaspace       used 44056K, capacity 46374K, committed 46836K, reserved 1091584K
  class space    used 4654K, capacity 5474K, committed 5504K, reserved 1048576K
}
Event: 19.011 GC heap before
{Heap before GC invocations=17 (full 2):
 PSYoungGen      total 22528K, used 22501K [0x00000000eab00000, 0x00000000ec980000, 0x0000000100000000)
  eden space 21504K, 100% used [0x00000000eab00000,0x00000000ec000000,0x00000000ec000000)
  from space 1024K, 97% used [0x00000000ec480000,0x00000000ec579520,0x00000000ec580000)
  to   space 4608K, 0% used [0x00000000ec000000,0x00000000ec000000,0x00000000ec480000)
 ParOldGen       total 68608K, used 30033K [0x00000000c0000000, 0x00000000c4300000, 0x00000000eab00000)
  object space 68608K, 43% used [0x00000000c0000000,0x00000000c1d54690,0x00000000c4300000)
 Metaspace       used 48005K, capacity 50256K, committed 50676K, reserved 1093632K
  class space    used 5117K, capacity 5915K, committed 6016K, reserved 1048576K
}
Event: 19.027 GC heap after
{Heap after GC invocations=17 (full 2):
 PSYoungGen      total 23552K, used 1631K [0x00000000eab00000, 0x00000000ec500000, 0x0000000100000000)
  eden space 21504K, 0% used [0x00000000eab00000,0x00000000eab00000,0x00000000ec000000)
  from space 2048K, 79% used [0x00000000ec000000,0x00000000ec197e28,0x00000000ec200000)
  to   space 2560K, 0% used [0x00000000ec280000,0x00000000ec280000,0x00000000ec500000)
 ParOldGen       total 68608K, used 31061K [0x00000000c0000000, 0x00000000c4300000, 0x00000000eab00000)
  object space 68608K, 45% used [0x00000000c0000000,0x00000000c1e556b8,0x00000000c4300000)
 Metaspace       used 48005K, capacity 50256K, committed 50676K, reserved 1093632K
  class space    used 5117K, capacity 5915K, committed 6016K, reserved 1048576K
}
Event: 20.172 GC heap before
{Heap before GC invocations=18 (full 2):
 PSYoungGen      total 23552K, used 23135K [0x00000000eab00000, 0x00000000ec500000, 0x0000000100000000)
  eden space 21504K, 100% used [0x00000000eab00000,0x00000000ec000000,0x00000000ec000000)
  from space 2048K, 79% used [0x00000000ec000000,0x00000000ec197e28,0x00000000ec200000)
  to   space 2560K, 0% used [0x00000000ec280000,0x00000000ec280000,0x00000000ec500000)
 ParOldGen       total 68608K, used 31061K [0x00000000c0000000, 0x00000000c4300000, 0x00000000eab00000)
  object space 68608K, 45% used [0x00000000c0000000,0x00000000c1e556b8,0x00000000c4300000)
 Metaspace       used 52557K, capacity 55159K, committed 55668K, reserved 1099776K
  class space    used 5527K, capacity 6376K, committed 6400K, reserved 1048576K
}
Event: 20.179 GC heap after
{Heap after GC invocations=18 (full 2):
 PSYoungGen      total 22016K, used 2535K [0x00000000eab00000, 0x00000000ec900000, 0x0000000100000000)
  eden space 19456K, 0% used [0x00000000eab00000,0x00000000eab00000,0x00000000ebe00000)
  from space 2560K, 99% used [0x00000000ec280000,0x00000000ec4f9d50,0x00000000ec500000)
  to   space 4608K, 0% used [0x00000000ebe00000,0x00000000ebe00000,0x00000000ec280000)
 ParOldGen       total 68608K, used 32245K [0x00000000c0000000, 0x00000000c4300000, 0x00000000eab00000)
  object space 68608K, 46% used [0x00000000c0000000,0x00000000c1f7d698,0x00000000c4300000)
 Metaspace       used 52557K, capacity 55159K, committed 55668K, reserved 1099776K
  class space    used 5527K, capacity 6376K, committed 6400K, reserved 1048576K
}
Event: 65.758 GC heap before
{Heap before GC invocations=19 (full 2):
 PSYoungGen      total 22016K, used 20747K [0x00000000eab00000, 0x00000000ec900000, 0x0000000100000000)
  eden space 19456K, 93% used [0x00000000eab00000,0x00000000ebcc8eb8,0x00000000ebe00000)
  from space 2560K, 99% used [0x00000000ec280000,0x00000000ec4f9d50,0x00000000ec500000)
  to   space 4608K, 0% used [0x00000000ebe00000,0x00000000ebe00000,0x00000000ec280000)
 ParOldGen       total 68608K, used 32245K [0x00000000c0000000, 0x00000000c4300000, 0x00000000eab00000)
  object space 68608K, 46% used [0x00000000c0000000,0x00000000c1f7d698,0x00000000c4300000)
 Metaspace       used 54576K, capacity 57093K, committed 57716K, reserved 1099776K
  class space    used 5778K, capacity 6546K, committed 6656K, reserved 1048576K
}
Event: 65.769 GC heap after
{Heap after GC invocations=19 (full 2):
 PSYoungGen      total 24064K, used 4470K [0x00000000eab00000, 0x00000000ec800000, 0x0000000100000000)
  eden space 19456K, 0% used [0x00000000eab00000,0x00000000eab00000,0x00000000ebe00000)
  from space 4608K, 97% used [0x00000000ebe00000,0x00000000ec25d820,0x00000000ec280000)
  to   space 5120K, 0% used [0x00000000ec300000,0x00000000ec300000,0x00000000ec800000)
 ParOldGen       total 68608K, used 37503K [0x00000000c0000000, 0x00000000c4300000, 0x00000000eab00000)
  object space 68608K, 54% used [0x00000000c0000000,0x00000000c249fc80,0x00000000c4300000)
 Metaspace       used 54576K, capacity 57093K, committed 57716K, reserved 1099776K
  class space    used 5778K, capacity 6546K, committed 6656K, reserved 1048576K
}
Event: 65.966 GC heap before
{Heap before GC invocations=20 (full 3):
 PSYoungGen      total 24064K, used 23926K [0x00000000eab00000, 0x00000000ec800000, 0x0000000100000000)
  eden space 19456K, 100% used [0x00000000eab00000,0x00000000ebe00000,0x00000000ebe00000)
  from space 4608K, 97% used [0x00000000ebe00000,0x00000000ec25d820,0x00000000ec280000)
  to   space 5120K, 0% used [0x00000000ec300000,0x00000000ec300000,0x00000000ec800000)
 ParOldGen       total 79872K, used 74868K [0x00000000c0000000, 0x00000000c4e00000, 0x00000000eab00000)
  object space 79872K, 93% used [0x00000000c0000000,0x00000000c491d030,0x00000000c4e00000)
 Metaspace       used 54588K, capacity 57093K, committed 57716K, reserved 1099776K
  class space    used 5779K, capacity 6546K, committed 6656K, reserved 1048576K
}
Event: 66.201 GC heap after
{Heap after GC invocations=20 (full 3):
 PSYoungGen      total 24576K, used 0K [0x00000000eab00000, 0x00000000ec800000, 0x0000000100000000)
  eden space 19456K, 0% used [0x00000000eab00000,0x00000000eab00000,0x00000000ebe00000)
  from space 5120K, 0% used [0x00000000ec300000,0x00000000ec300000,0x00000000ec800000)
  to   space 5120K, 0% used [0x00000000ebe00000,0x00000000ebe00000,0x00000000ec300000)
 ParOldGen       total 82944K, used 51536K [0x00000000c0000000, 0x00000000c5100000, 0x00000000eab00000)
  object space 82944K, 62% used [0x00000000c0000000,0x00000000c32540a8,0x00000000c5100000)
 Metaspace       used 54588K, capacity 57093K, committed 57716K, reserved 1099776K
  class space    used 5779K, capacity 6546K, committed 6656K, reserved 1048576K
}
Event: 66.356 GC heap before
{Heap before GC invocations=21 (full 3):
 PSYoungGen      total 24576K, used 19456K [0x00000000eab00000, 0x00000000ec800000, 0x0000000100000000)
  eden space 19456K, 100% used [0x00000000eab00000,0x00000000ebe00000,0x00000000ebe00000)
  from space 5120K, 0% used [0x00000000ec300000,0x00000000ec300000,0x00000000ec800000)
  to   space 5120K, 0% used [0x00000000ebe00000,0x00000000ebe00000,0x00000000ec300000)
 ParOldGen       total 82944K, used 51536K [0x00000000c0000000, 0x00000000c5100000, 0x00000000eab00000)
  object space 82944K, 62% used [0x00000000c0000000,0x00000000c32540a8,0x00000000c5100000)
 Metaspace       used 54828K, capacity 57441K, committed 57972K, reserved 1101824K
  class space    used 5803K, capacity 6622K, committed 6656K, reserved 1048576K
}
Event: 66.379 GC heap after
{Heap after GC invocations=21 (full 3):
 PSYoungGen      total 24576K, used 5104K [0x00000000eab00000, 0x00000000edb00000, 0x0000000100000000)
  eden space 19456K, 0% used [0x00000000eab00000,0x00000000eab00000,0x00000000ebe00000)
  from space 5120K, 99% used [0x00000000ebe00000,0x00000000ec2fc010,0x00000000ec300000)
  to   space 14848K, 0% used [0x00000000ecc80000,0x00000000ecc80000,0x00000000edb00000)
 ParOldGen       total 82944K, used 59560K [0x00000000c0000000, 0x00000000c5100000, 0x00000000eab00000)
  object space 82944K, 71% used [0x00000000c0000000,0x00000000c3a2a0a8,0x00000000c5100000)
 Metaspace       used 54828K, capacity 57441K, committed 57972K, reserved 1101824K
  class space    used 5803K, capacity 6622K, committed 6656K, reserved 1048576K
}
Event: 66.547 GC heap before
{Heap before GC invocations=22 (full 3):
 PSYoungGen      total 24576K, used 24560K [0x00000000eab00000, 0x00000000edb00000, 0x0000000100000000)
  eden space 19456K, 100% used [0x00000000eab00000,0x00000000ebe00000,0x00000000ebe00000)
  from space 5120K, 99% used [0x00000000ebe00000,0x00000000ec2fc010,0x00000000ec300000)
  to   space 14848K, 0% used [0x00000000ecc80000,0x00000000ecc80000,0x00000000edb00000)
 ParOldGen       total 82944K, used 59560K [0x00000000c0000000, 0x00000000c5100000, 0x00000000eab00000)
  object space 82944K, 71% used [0x00000000c0000000,0x00000000c3a2a0a8,0x00000000c5100000)
 Metaspace       used 54856K, capacity 57441K, committed 57972K, reserved 1101824K
  class space    used 5805K, capacity 6622K, committed 6656K, reserved 1048576K
}
Event: 66.581 GC heap after
{Heap after GC invocations=22 (full 3):
 PSYoungGen      total 32768K, used 12960K [0x00000000eab00000, 0x00000000ed980000, 0x0000000100000000)
  eden space 19456K, 0% used [0x00000000eab00000,0x00000000eab00000,0x00000000ebe00000)
  from space 13312K, 97% used [0x00000000ecc80000,0x00000000ed928000,0x00000000ed980000)
  to   space 13824K, 0% used [0x00000000ebe80000,0x00000000ebe80000,0x00000000ecc00000)
 ParOldGen       total 82944K, used 64211K [0x00000000c0000000, 0x00000000c5100000, 0x00000000eab00000)
  object space 82944K, 77% used [0x00000000c0000000,0x00000000c3eb4c38,0x00000000c5100000)
 Metaspace       used 54856K, capacity 57441K, committed 57972K, reserved 1101824K
  class space    used 5805K, capacity 6622K, committed 6656K, reserved 1048576K
}
Event: 1233.081 GC heap before
{Heap before GC invocations=23 (full 3):
 PSYoungGen      total 32768K, used 32416K [0x00000000eab00000, 0x00000000ed980000, 0x0000000100000000)
  eden space 19456K, 100% used [0x00000000eab00000,0x00000000ebe00000,0x00000000ebe00000)
  from space 13312K, 97% used [0x00000000ecc80000,0x00000000ed928000,0x00000000ed980000)
  to   space 13824K, 0% used [0x00000000ebe80000,0x00000000ebe80000,0x00000000ecc00000)
 ParOldGen       total 82944K, used 64211K [0x00000000c0000000, 0x00000000c5100000, 0x00000000eab00000)
  object space 82944K, 77% used [0x00000000c0000000,0x00000000c3eb4c38,0x00000000c5100000)
 Metaspace       used 55255K, capacity 57834K, committed 58356K, reserved 1101824K
  class space    used 5837K, capacity 6666K, committed 6784K, reserved 1048576K
}

